[2026-01-20 05:50:27Z INFO HostContext] No proxy settings were found based on environmental variables (http_proxy/https_proxy/HTTP_PROXY/HTTPS_PROXY)
[2026-01-20 05:50:27Z INFO HostContext] Well known directory 'Bin': 'C:\github_action\actions-runner\bin'
[2026-01-20 05:50:27Z INFO HostContext] Well known directory 'Root': 'C:\github_action\actions-runner'
[2026-01-20 05:50:27Z INFO HostContext] Well known config file 'Credentials': 'C:\github_action\actions-runner\.credentials'
[2026-01-20 05:50:27Z INFO HostContext] Well known directory 'Bin': 'C:\github_action\actions-runner\bin'
[2026-01-20 05:50:27Z INFO HostContext] Well known directory 'Root': 'C:\github_action\actions-runner'
[2026-01-20 05:50:27Z INFO HostContext] Well known config file 'Runner': 'C:\github_action\actions-runner\.runner'
[2026-01-20 05:50:27Z INFO Listener] Runner is built for Windows (X64) - win-x64.
[2026-01-20 05:50:27Z INFO Listener] RuntimeInformation: Microsoft Windows 10.0.26200.
[2026-01-20 05:50:27Z INFO Listener] Version: 2.331.0
[2026-01-20 05:50:27Z INFO Listener] Commit: 39f6c643d3032f8795fa71f1482731ca90c8e038
[2026-01-20 05:50:27Z INFO Listener] Culture: ja-JP
[2026-01-20 05:50:27Z INFO Listener] UI Culture: ja-JP
[2026-01-20 05:50:27Z INFO HostContext] Well known directory 'Bin': 'C:\github_action\actions-runner\bin'
[2026-01-20 05:50:27Z INFO HostContext] Well known directory 'Root': 'C:\github_action\actions-runner'
[2026-01-20 05:50:27Z INFO Listener] Validating directory permissions for: 'C:\github_action\actions-runner'
[2026-01-20 05:50:27Z INFO CommandLineParser] Parse
[2026-01-20 05:50:27Z INFO CommandLineParser] Parsing 5 args
[2026-01-20 05:50:27Z INFO CommandLineParser] parsing argument
[2026-01-20 05:50:27Z INFO CommandLineParser] HasArgs: False
[2026-01-20 05:50:27Z INFO CommandLineParser] Adding Command: configure
[2026-01-20 05:50:27Z INFO CommandLineParser] parsing argument
[2026-01-20 05:50:27Z INFO CommandLineParser] HasArgs: True
[2026-01-20 05:50:27Z INFO CommandLineParser] arg: url
[2026-01-20 05:50:27Z INFO CommandLineParser] parsing argument
[2026-01-20 05:50:27Z INFO CommandLineParser] HasArgs: True
[2026-01-20 05:50:27Z INFO CommandLineParser] Adding option 'url': 'https://github.com/Quitalig-Lance/test_action'
[2026-01-20 05:50:27Z INFO CommandLineParser] parsing argument
[2026-01-20 05:50:27Z INFO CommandLineParser] HasArgs: True
[2026-01-20 05:50:27Z INFO CommandLineParser] arg: token
[2026-01-20 05:50:27Z INFO CommandLineParser] parsing argument
[2026-01-20 05:50:27Z INFO CommandLineParser] HasArgs: True
[2026-01-20 05:50:27Z INFO CommandLineParser] Adding option 'token': '***'
[2026-01-20 05:50:27Z INFO Listener] Arguments parsed
[2026-01-20 05:50:27Z INFO Runner] ExecuteCommand
[2026-01-20 05:50:27Z INFO ConfigurationStore] currentAssemblyLocation: C:\github_action\actions-runner\bin\Runner.Listener.dll
[2026-01-20 05:50:27Z INFO HostContext] Well known directory 'Bin': 'C:\github_action\actions-runner\bin'
[2026-01-20 05:50:27Z INFO ConfigurationStore] binPath: C:\github_action\actions-runner\bin
[2026-01-20 05:50:27Z INFO HostContext] Well known directory 'Bin': 'C:\github_action\actions-runner\bin'
[2026-01-20 05:50:27Z INFO HostContext] Well known directory 'Root': 'C:\github_action\actions-runner'
[2026-01-20 05:50:27Z INFO ConfigurationStore] RootFolder: C:\github_action\actions-runner
[2026-01-20 05:50:27Z INFO HostContext] Well known directory 'Bin': 'C:\github_action\actions-runner\bin'
[2026-01-20 05:50:27Z INFO HostContext] Well known directory 'Root': 'C:\github_action\actions-runner'
[2026-01-20 05:50:27Z INFO HostContext] Well known config file 'Runner': 'C:\github_action\actions-runner\.runner'
[2026-01-20 05:50:27Z INFO ConfigurationStore] ConfigFilePath: C:\github_action\actions-runner\.runner
[2026-01-20 05:50:27Z INFO HostContext] Well known directory 'Bin': 'C:\github_action\actions-runner\bin'
[2026-01-20 05:50:27Z INFO HostContext] Well known directory 'Root': 'C:\github_action\actions-runner'
[2026-01-20 05:50:27Z INFO HostContext] Well known config file 'MigratedRunner': 'C:\github_action\actions-runner\.runner_migrated'
[2026-01-20 05:50:27Z INFO ConfigurationStore] MigratedConfigFilePath: C:\github_action\actions-runner\.runner_migrated
[2026-01-20 05:50:27Z INFO HostContext] Well known directory 'Bin': 'C:\github_action\actions-runner\bin'
[2026-01-20 05:50:27Z INFO HostContext] Well known directory 'Root': 'C:\github_action\actions-runner'
[2026-01-20 05:50:27Z INFO HostContext] Well known config file 'Credentials': 'C:\github_action\actions-runner\.credentials'
[2026-01-20 05:50:27Z INFO ConfigurationStore] CredFilePath: C:\github_action\actions-runner\.credentials
[2026-01-20 05:50:27Z INFO HostContext] Well known directory 'Bin': 'C:\github_action\actions-runner\bin'
[2026-01-20 05:50:27Z INFO HostContext] Well known directory 'Root': 'C:\github_action\actions-runner'
[2026-01-20 05:50:27Z INFO HostContext] Well known config file 'MigratedCredentials': 'C:\github_action\actions-runner\.credentials_migrated'
[2026-01-20 05:50:27Z INFO ConfigurationStore] MigratedCredFilePath: C:\github_action\actions-runner\.credentials_migrated
[2026-01-20 05:50:27Z INFO HostContext] Well known directory 'Bin': 'C:\github_action\actions-runner\bin'
[2026-01-20 05:50:27Z INFO HostContext] Well known directory 'Root': 'C:\github_action\actions-runner'
[2026-01-20 05:50:27Z INFO HostContext] Well known config file 'Service': 'C:\github_action\actions-runner\.service'
[2026-01-20 05:50:27Z INFO ConfigurationStore] ServiceConfigFilePath: C:\github_action\actions-runner\.service
[2026-01-20 05:50:27Z INFO CommandSettings] Flag 'help': 'False'
[2026-01-20 05:50:27Z INFO CommandSettings] Flag 'version': 'False'
[2026-01-20 05:50:27Z INFO CommandSettings] Flag 'commit': 'False'
[2026-01-20 05:50:27Z INFO CommandSettings] Flag 'check': 'False'
[2026-01-20 05:50:28Z INFO CommandSettings] Command 'configure': 'True'
[2026-01-20 05:50:28Z INFO Terminal] WRITE LINE: 
[2026-01-20 05:50:28Z INFO Terminal] WRITE LINE: --------------------------------------------------------------------------------
[2026-01-20 05:50:28Z INFO Terminal] WRITE LINE: |        ____ _ _   _   _       _          _        _   _                      |
[2026-01-20 05:50:28Z INFO Terminal] WRITE LINE: |       / ___(_) |_| | | |_   _| |__      / \   ___| |_(_) ___  _ __  ___      |
[2026-01-20 05:50:28Z INFO Terminal] WRITE LINE: |      | |  _| | __| |_| | | | | '_ \    / _ \ / __| __| |/ _ \| '_ \/ __|     |
[2026-01-20 05:50:28Z INFO Terminal] WRITE LINE: |      | |_| | | |_|  _  | |_| | |_) |  / ___ \ (__| |_| | (_) | | | \__ \     |
[2026-01-20 05:50:28Z INFO Terminal] WRITE LINE: |       \____|_|\__|_| |_|\__,_|_.__/  /_/   \_\___|\__|_|\___/|_| |_|___/     |
[2026-01-20 05:50:28Z INFO Terminal] WRITE LINE: |                                                                              |
[2026-01-20 05:50:28Z INFO Terminal] WRITE: |                       
[2026-01-20 05:50:28Z INFO Terminal] WRITE: Self-hosted runner registration
[2026-01-20 05:50:28Z INFO Terminal] WRITE LINE:                         |
[2026-01-20 05:50:28Z INFO Terminal] WRITE LINE: |                                                                              |
[2026-01-20 05:50:28Z INFO Terminal] WRITE LINE: --------------------------------------------------------------------------------
[2026-01-20 05:50:28Z INFO ConfigurationManager] ConfigureAsync
[2026-01-20 05:50:28Z INFO CommandSettings] Flag 'generateServiceConfig': 'False'
[2026-01-20 05:50:28Z INFO ConfigurationStore] IsConfigured()
[2026-01-20 05:50:28Z INFO ConfigurationStore] IsConfigured: False
[2026-01-20 05:50:28Z INFO ConfigurationManager] Is configured: False
[2026-01-20 05:50:28Z INFO CommandSettings] Arg 'url': 'https://github.com/Quitalig-Lance/test_action'
[2026-01-20 05:50:28Z INFO CommandSettings] Remove url from Arg dictionary.
[2026-01-20 05:50:28Z INFO CommandSettings] Arg 'token': '***'
[2026-01-20 05:50:28Z INFO CommandSettings] Remove token from Arg dictionary.
[2026-01-20 05:50:28Z INFO ConfigurationManager] Http response code: OK from 'POST https://api.github.com/actions/runner-registration' (F44B:D1C7A:1F0DCDD:2807CEA:696F17A4)
[2026-01-20 05:50:28Z INFO ConfigurationManager] Using runner-admin flow: False
[2026-01-20 05:50:28Z INFO ConfigurationManager] cred retrieved via GitHub auth
[2026-01-20 05:50:28Z INFO RunnerServer] EstablishVssConnection
[2026-01-20 05:50:28Z INFO RunnerServer] Establish connection with 100 seconds timeout.
[2026-01-20 05:50:28Z INFO GitHubActionsService] Starting operation Location.GetConnectionData
[2026-01-20 05:50:28Z INFO RunnerServer] EstablishVssConnection
[2026-01-20 05:50:28Z INFO RunnerServer] Establish connection with 60 seconds timeout.
[2026-01-20 05:50:28Z INFO GitHubActionsService] Starting operation Location.GetConnectionData
[2026-01-20 05:50:28Z INFO RunnerServer] EstablishVssConnection
[2026-01-20 05:50:28Z INFO RunnerServer] Establish connection with 60 seconds timeout.
[2026-01-20 05:50:28Z INFO GitHubActionsService] Starting operation Location.GetConnectionData
[2026-01-20 05:50:29Z INFO GitHubActionsService] Finished operation Location.GetConnectionData
[2026-01-20 05:50:29Z INFO GitHubActionsService] Finished operation Location.GetConnectionData
[2026-01-20 05:50:29Z INFO GitHubActionsService] Finished operation Location.GetConnectionData
[2026-01-20 05:50:29Z INFO Terminal] WRITE LINE: 
[2026-01-20 05:50:29Z INFO ConfigurationManager] Test Connection complete.
[2026-01-20 05:50:29Z INFO HostContext] Well known directory 'Bin': 'C:\github_action\actions-runner\bin'
[2026-01-20 05:50:29Z INFO HostContext] Well known directory 'Root': 'C:\github_action\actions-runner'
[2026-01-20 05:50:29Z INFO HostContext] Well known config file 'RSACredentials': 'C:\github_action\actions-runner\.credentials_rsaparams'
[2026-01-20 05:50:29Z INFO RSAEncryptedFileKeyManager] Creating new RSA key using 2048-bit key length
[2026-01-20 05:50:29Z INFO RSAEncryptedFileKeyManager] Successfully saved RSA key parameters to file C:\github_action\actions-runner\.credentials_rsaparams
[2026-01-20 05:50:29Z INFO CommandSettings] Arg 'runnergroup': ''
[2026-01-20 05:50:29Z INFO CommandSettings] Flag 'unattended': 'False'
[2026-01-20 05:50:29Z INFO PromptManager] ReadValue
[2026-01-20 05:50:29Z INFO Terminal] WRITE: Enter the name of the runner group to add this runner to: 
[2026-01-20 05:50:29Z INFO Terminal] WRITE: [press Enter for Default] 
[2026-01-20 05:50:29Z INFO Terminal] READ LINE
[2026-01-20 05:50:32Z INFO Terminal] Read value: ''
[2026-01-20 05:50:32Z INFO PromptManager] Falling back to the default: 'Default'
[2026-01-20 05:50:32Z INFO Terminal] WRITE LINE: 
[2026-01-20 05:50:32Z INFO ConfigurationManager] Found a self-hosted runner group with id 1 and name Default
[2026-01-20 05:50:32Z INFO CommandSettings] Flag 'disableupdate': 'False'
[2026-01-20 05:50:32Z INFO CommandSettings] Flag 'ephemeral': 'False'
[2026-01-20 05:50:32Z INFO CommandSettings] Arg 'name': ''
[2026-01-20 05:50:32Z INFO CommandSettings] Flag 'unattended': 'False'
[2026-01-20 05:50:32Z INFO PromptManager] ReadValue
[2026-01-20 05:50:32Z INFO Terminal] WRITE: Enter the name of runner: 
[2026-01-20 05:50:32Z INFO Terminal] WRITE: [press Enter for GSI-N-5500] 
[2026-01-20 05:50:32Z INFO Terminal] READ LINE
[2026-01-20 05:50:37Z INFO Terminal] Read value: 'testing'
[2026-01-20 05:50:37Z INFO Terminal] WRITE LINE: 
[2026-01-20 05:50:37Z INFO CommandSettings] Arg 'labels': ''
[2026-01-20 05:50:37Z INFO CommandSettings] Flag 'unattended': 'False'
[2026-01-20 05:50:37Z INFO PromptManager] ReadValue
[2026-01-20 05:50:37Z INFO Terminal] WRITE: This runner will have the following labels: 'self-hosted', 'Windows', 'X64' 
Enter any additional labels (ex. label-1,label-2): 
[2026-01-20 05:50:37Z INFO Terminal] WRITE: [press Enter to skip] 
[2026-01-20 05:50:37Z INFO Terminal] READ LINE
[2026-01-20 05:50:39Z INFO Terminal] Read value: ''
[2026-01-20 05:50:39Z INFO Terminal] WRITE LINE: 
[2026-01-20 05:50:39Z INFO CommandSettings] Flag 'disableupdate': 'False'
[2026-01-20 05:50:39Z INFO CommandSettings] Flag 'no-default-labels': 'False'
[2026-01-20 05:50:39Z INFO CommandSettings] Flag 'disableupdate': 'False'
[2026-01-20 05:50:39Z INFO CommandSettings] Flag 'ephemeral': 'False'
[2026-01-20 05:50:39Z INFO ConfigurationStore] Saving OAuth credential @ C:\github_action\actions-runner\.credentials
[2026-01-20 05:50:39Z INFO ConfigurationStore] Credentials Saved.
[2026-01-20 05:50:39Z INFO ConfigurationManager] Service enforced serverUrlV2: https://broker.actions.githubusercontent.com/
[2026-01-20 05:50:39Z INFO ConfigurationManager] Service enforced useV2Flow: True
[2026-01-20 05:50:39Z INFO CommandSettings] Arg 'work': ''
[2026-01-20 05:50:39Z INFO CommandSettings] Flag 'unattended': 'False'
[2026-01-20 05:50:39Z INFO PromptManager] ReadValue
[2026-01-20 05:50:39Z INFO Terminal] WRITE: Enter name of work folder: 
[2026-01-20 05:50:39Z INFO Terminal] WRITE: [press Enter for _work] 
[2026-01-20 05:50:39Z INFO Terminal] READ LINE
[2026-01-20 05:50:41Z INFO Terminal] Read value: ''
[2026-01-20 05:50:41Z INFO PromptManager] Falling back to the default: '_work'
[2026-01-20 05:50:41Z INFO ConfigurationStore] Saving runner settings.
[2026-01-20 05:50:41Z INFO ConfigurationStore] Settings Saved.
[2026-01-20 05:50:41Z INFO Terminal] WRITE LINE: 
[2026-01-20 05:50:41Z INFO Terminal] WRITE LINE: 
[2026-01-20 05:50:41Z INFO CommandSettings] Flag 'runasservice': 'False'
[2026-01-20 05:50:41Z INFO CommandSettings] Flag 'unattended': 'False'
[2026-01-20 05:50:41Z INFO PromptManager] ReadValue
[2026-01-20 05:50:41Z INFO Terminal] WRITE: Would you like to run the runner as service? (Y/N) 
[2026-01-20 05:50:41Z INFO Terminal] WRITE: [press Enter for N] 
[2026-01-20 05:50:41Z INFO Terminal] READ LINE
[2026-01-20 05:50:43Z INFO Terminal] Read value: 'Y'
[2026-01-20 05:50:43Z INFO ConfigurationManager] Configuring to run the agent as service
[2026-01-20 05:50:43Z INFO CommandSettings] Arg 'windowslogonaccount': ''
[2026-01-20 05:50:43Z INFO CommandSettings] Flag 'unattended': 'False'
[2026-01-20 05:50:43Z INFO PromptManager] ReadValue
[2026-01-20 05:50:43Z INFO Terminal] WRITE: User account to use for the service 
[2026-01-20 05:50:43Z INFO Terminal] WRITE: [press Enter for NT AUTHORITY\NETWORK SERVICE] 
[2026-01-20 05:50:43Z INFO Terminal] READ LINE
[2026-01-20 05:50:44Z INFO Terminal] Read value: ''
[2026-01-20 05:50:44Z INFO PromptManager] Falling back to the default: 'NT AUTHORITY\NETWORK SERVICE'
[2026-01-20 05:50:44Z INFO WindowsServiceControlManager] LogonAccount after transforming: NT AUTHORITY\NETWORK SERVICE, user: NETWORK SERVICE, domain: NT AUTHORITY
[2026-01-20 05:50:44Z INFO WindowsServiceControlManager] Service name 'actions.runner.Quitalig-Lance-test_action.testing' display name 'GitHub Actions Runner (Quitalig-Lance-test_action.testing)' will be used for service configuration.
[2026-01-20 05:50:44Z INFO WindowsServiceControlManager] Verifying if the account has LogonAsService permission
[2026-01-20 05:50:44Z INFO WindowsServiceControlManager] Account: NT AUTHORITY\NETWORK SERVICE already has Logon As Service Privilege.
[2026-01-20 05:50:44Z INFO WindowsServiceControlManager] Create local group and grant folder permission to service logon account.
[2026-01-20 05:50:44Z INFO HostContext] Well known directory 'Bin': 'C:\github_action\actions-runner\bin'
[2026-01-20 05:50:44Z INFO HostContext] Well known directory 'Root': 'C:\github_action\actions-runner'
[2026-01-20 05:50:44Z INFO ConfigurationStore] Read setting file: 397 chars
[2026-01-20 05:50:44Z INFO HostContext] Well known directory 'Bin': 'C:\github_action\actions-runner\bin'
[2026-01-20 05:50:44Z INFO HostContext] Well known directory 'Root': 'C:\github_action\actions-runner'
[2026-01-20 05:50:44Z INFO HostContext] Well known directory 'Work': 'C:\github_action\actions-runner\_work'
[2026-01-20 05:50:44Z INFO HostContext] Well known directory 'Bin': 'C:\github_action\actions-runner\bin'
[2026-01-20 05:50:44Z INFO NativeWindowsServiceHelper] Calculated unique group name GITHUB_ActionsRunner_Gd84c8
[2026-01-20 05:50:44Z INFO NativeWindowsServiceHelper] Trying to create group GITHUB_ActionsRunner_Gd84c8
[2026-01-20 05:50:44Z INFO NativeWindowsServiceHelper] Local Group 'GITHUB_ActionsRunner_Gd84c8' created
[2026-01-20 05:50:44Z INFO NativeWindowsServiceHelper] Trying to add userName NT AUTHORITY\NETWORK SERVICE to the group GITHUB_ActionsRunner_Gd84c8
[2026-01-20 05:50:44Z INFO NativeWindowsServiceHelper] Account 'NT AUTHORITY\NETWORK SERVICE' is added to local group 'GITHUB_ActionsRunner_Gd84c8'.
[2026-01-20 05:50:44Z INFO NativeWindowsServiceHelper] Set full access control to group for the folder C:\github_action\actions-runner
[2026-01-20 05:50:44Z INFO NativeWindowsServiceHelper] Set full access control to group for the folder C:\github_action\actions-runner\_work
[2026-01-20 05:50:44Z INFO NativeWindowsServiceHelper] Local group 'GITHUB_ActionsRunner_Gd84c8' already has full control to path 'C:\github_action\actions-runner\_work'.
[2026-01-20 05:50:44Z INFO Terminal] WRITE LINE: Granting file permissions to 'NT AUTHORITY\NETWORK SERVICE'.
[2026-01-20 05:50:44Z INFO HostContext] Well known directory 'Bin': 'C:\github_action\actions-runner\bin'
[2026-01-20 05:50:44Z INFO ProcessInvokerWrapper] Starting process:
[2026-01-20 05:50:44Z INFO ProcessInvokerWrapper]   File name: '"C:\github_action\actions-runner\bin\RunnerService.exe"'
[2026-01-20 05:50:44Z INFO ProcessInvokerWrapper]   Arguments: 'init'
[2026-01-20 05:50:44Z INFO ProcessInvokerWrapper]   Working directory: ''
[2026-01-20 05:50:44Z INFO ProcessInvokerWrapper]   Require exit code zero: 'True'
[2026-01-20 05:50:44Z INFO ProcessInvokerWrapper]   Encoding web name:  ; code page: ''
[2026-01-20 05:50:44Z INFO ProcessInvokerWrapper]   Force kill process on cancellation: 'False'
[2026-01-20 05:50:44Z INFO ProcessInvokerWrapper]   Redirected STDIN: 'False'
[2026-01-20 05:50:44Z INFO ProcessInvokerWrapper]   Persist current code page: 'False'
[2026-01-20 05:50:44Z INFO ProcessInvokerWrapper]   Keep redirected STDIN open: 'False'
[2026-01-20 05:50:44Z INFO ProcessInvokerWrapper]   High priority process: 'False'
[2026-01-20 05:50:45Z INFO ProcessInvokerWrapper] Process started with process id 16508, waiting for process exit.
[2026-01-20 05:50:45Z INFO ProcessInvokerWrapper] STDOUT/STDERR stream read finished.
[2026-01-20 05:50:45Z INFO ProcessInvokerWrapper] STDOUT/STDERR stream read finished.
[2026-01-20 05:50:45Z INFO ProcessInvokerWrapper] Finished process 16508 with exit code 0, and elapsed time 00:00:00.2807497.
[2026-01-20 05:50:45Z INFO Terminal] WRITE LINE: Service actions.runner.Quitalig-Lance-test_action.testing successfully installed
[2026-01-20 05:50:45Z INFO Terminal] WRITE LINE: Service actions.runner.Quitalig-Lance-test_action.testing successfully set recovery option
[2026-01-20 05:50:45Z INFO Terminal] WRITE LINE: Service actions.runner.Quitalig-Lance-test_action.testing successfully set to delayed auto start
[2026-01-20 05:50:45Z INFO Terminal] WRITE LINE: Service actions.runner.Quitalig-Lance-test_action.testing successfully configured
[2026-01-20 05:50:45Z INFO HostContext] Well known directory 'Bin': 'C:\github_action\actions-runner\bin'
[2026-01-20 05:50:45Z INFO HostContext] Well known directory 'Root': 'C:\github_action\actions-runner'
[2026-01-20 05:50:45Z INFO HostContext] Well known config file 'Service': 'C:\github_action\actions-runner\.service'
[2026-01-20 05:50:45Z INFO WindowsServiceControlManager] Configuration was successful, trying to start the service
[2026-01-20 05:50:45Z INFO Terminal] WRITE LINE: Waiting for service to start...
[2026-01-20 05:50:45Z INFO Terminal] WRITE LINE: Service actions.runner.Quitalig-Lance-test_action.testing started successfully
[2026-01-20 05:50:45Z INFO Listener] Runner execution has finished with return code 0
