[2026-01-20 05:50:14Z INFO HostContext] No proxy settings were found based on environmental variables (http_proxy/https_proxy/HTTP_PROXY/HTTPS_PROXY)
[2026-01-20 05:50:14Z INFO HostContext] Well known directory 'Bin': 'C:\github_action\actions-runner\bin'
[2026-01-20 05:50:14Z INFO HostContext] Well known directory 'Root': 'C:\github_action\actions-runner'
[2026-01-20 05:50:14Z INFO HostContext] Well known config file 'Credentials': 'C:\github_action\actions-runner\.credentials'
[2026-01-20 05:50:14Z INFO HostContext] Well known directory 'Bin': 'C:\github_action\actions-runner\bin'
[2026-01-20 05:50:14Z INFO HostContext] Well known directory 'Root': 'C:\github_action\actions-runner'
[2026-01-20 05:50:14Z INFO HostContext] Well known config file 'Runner': 'C:\github_action\actions-runner\.runner'
[2026-01-20 05:50:14Z INFO Listener] Runner is built for Windows (X64) - win-x64.
[2026-01-20 05:50:14Z INFO Listener] RuntimeInformation: Microsoft Windows 10.0.26200.
[2026-01-20 05:50:14Z INFO Listener] Version: 2.331.0
[2026-01-20 05:50:14Z INFO Listener] Commit: 39f6c643d3032f8795fa71f1482731ca90c8e038
[2026-01-20 05:50:14Z INFO Listener] Culture: ja-JP
[2026-01-20 05:50:14Z INFO Listener] UI Culture: ja-JP
[2026-01-20 05:50:14Z INFO HostContext] Well known directory 'Bin': 'C:\github_action\actions-runner\bin'
[2026-01-20 05:50:14Z INFO HostContext] Well known directory 'Root': 'C:\github_action\actions-runner'
[2026-01-20 05:50:14Z INFO Listener] Validating directory permissions for: 'C:\github_action\actions-runner'
[2026-01-20 05:50:14Z INFO CommandLineParser] Parse
[2026-01-20 05:50:14Z INFO CommandLineParser] Parsing 3 args
[2026-01-20 05:50:14Z INFO CommandLineParser] parsing argument
[2026-01-20 05:50:14Z INFO CommandLineParser] HasArgs: False
[2026-01-20 05:50:14Z INFO CommandLineParser] Adding Command: remove
[2026-01-20 05:50:14Z INFO CommandLineParser] parsing argument
[2026-01-20 05:50:14Z INFO CommandLineParser] HasArgs: True
[2026-01-20 05:50:14Z INFO CommandLineParser] arg: token
[2026-01-20 05:50:14Z INFO CommandLineParser] parsing argument
[2026-01-20 05:50:14Z INFO CommandLineParser] HasArgs: True
[2026-01-20 05:50:14Z INFO CommandLineParser] Adding option 'token': '***'
[2026-01-20 05:50:14Z INFO Listener] Arguments parsed
[2026-01-20 05:50:14Z INFO Runner] ExecuteCommand
[2026-01-20 05:50:14Z INFO ConfigurationStore] currentAssemblyLocation: C:\github_action\actions-runner\bin\Runner.Listener.dll
[2026-01-20 05:50:14Z INFO HostContext] Well known directory 'Bin': 'C:\github_action\actions-runner\bin'
[2026-01-20 05:50:14Z INFO ConfigurationStore] binPath: C:\github_action\actions-runner\bin
[2026-01-20 05:50:14Z INFO HostContext] Well known directory 'Bin': 'C:\github_action\actions-runner\bin'
[2026-01-20 05:50:14Z INFO HostContext] Well known directory 'Root': 'C:\github_action\actions-runner'
[2026-01-20 05:50:14Z INFO ConfigurationStore] RootFolder: C:\github_action\actions-runner
[2026-01-20 05:50:14Z INFO HostContext] Well known directory 'Bin': 'C:\github_action\actions-runner\bin'
[2026-01-20 05:50:14Z INFO HostContext] Well known directory 'Root': 'C:\github_action\actions-runner'
[2026-01-20 05:50:14Z INFO HostContext] Well known config file 'Runner': 'C:\github_action\actions-runner\.runner'
[2026-01-20 05:50:14Z INFO ConfigurationStore] ConfigFilePath: C:\github_action\actions-runner\.runner
[2026-01-20 05:50:14Z INFO HostContext] Well known directory 'Bin': 'C:\github_action\actions-runner\bin'
[2026-01-20 05:50:14Z INFO HostContext] Well known directory 'Root': 'C:\github_action\actions-runner'
[2026-01-20 05:50:14Z INFO HostContext] Well known config file 'MigratedRunner': 'C:\github_action\actions-runner\.runner_migrated'
[2026-01-20 05:50:14Z INFO ConfigurationStore] MigratedConfigFilePath: C:\github_action\actions-runner\.runner_migrated
[2026-01-20 05:50:14Z INFO HostContext] Well known directory 'Bin': 'C:\github_action\actions-runner\bin'
[2026-01-20 05:50:14Z INFO HostContext] Well known directory 'Root': 'C:\github_action\actions-runner'
[2026-01-20 05:50:14Z INFO HostContext] Well known config file 'Credentials': 'C:\github_action\actions-runner\.credentials'
[2026-01-20 05:50:14Z INFO ConfigurationStore] CredFilePath: C:\github_action\actions-runner\.credentials
[2026-01-20 05:50:14Z INFO HostContext] Well known directory 'Bin': 'C:\github_action\actions-runner\bin'
[2026-01-20 05:50:14Z INFO HostContext] Well known directory 'Root': 'C:\github_action\actions-runner'
[2026-01-20 05:50:14Z INFO HostContext] Well known config file 'MigratedCredentials': 'C:\github_action\actions-runner\.credentials_migrated'
[2026-01-20 05:50:14Z INFO ConfigurationStore] MigratedCredFilePath: C:\github_action\actions-runner\.credentials_migrated
[2026-01-20 05:50:14Z INFO HostContext] Well known directory 'Bin': 'C:\github_action\actions-runner\bin'
[2026-01-20 05:50:14Z INFO HostContext] Well known directory 'Root': 'C:\github_action\actions-runner'
[2026-01-20 05:50:14Z INFO HostContext] Well known config file 'Service': 'C:\github_action\actions-runner\.service'
[2026-01-20 05:50:14Z INFO ConfigurationStore] ServiceConfigFilePath: C:\github_action\actions-runner\.service
[2026-01-20 05:50:14Z INFO CommandSettings] Flag 'help': 'False'
[2026-01-20 05:50:14Z INFO CommandSettings] Flag 'version': 'False'
[2026-01-20 05:50:14Z INFO CommandSettings] Flag 'commit': 'False'
[2026-01-20 05:50:14Z INFO CommandSettings] Flag 'check': 'False'
[2026-01-20 05:50:14Z INFO CommandSettings] Command 'configure': 'False'
[2026-01-20 05:50:14Z INFO CommandSettings] Command 'remove': 'True'
[2026-01-20 05:50:14Z INFO CommandSettings] Flag 'local': 'False'
[2026-01-20 05:50:14Z INFO ConfigurationStore] IsServiceConfigured()
[2026-01-20 05:50:14Z INFO ConfigurationStore] IsServiceConfigured: False
[2026-01-20 05:50:14Z INFO ConfigurationStore] IsConfigured()
[2026-01-20 05:50:14Z INFO ConfigurationStore] IsConfigured: True
[2026-01-20 05:50:14Z INFO ConfigurationStore] HasCredentials()
[2026-01-20 05:50:14Z INFO ConfigurationStore] stored True
[2026-01-20 05:50:14Z INFO ConfigurationStore] Read setting file: 400 chars
[2026-01-20 05:50:14Z INFO CommandSettings] Arg 'token': '***'
[2026-01-20 05:50:14Z INFO CommandSettings] Remove token from Arg dictionary.
[2026-01-20 05:50:15Z INFO ConfigurationManager] Http response code: OK from 'POST https://api.github.com/actions/runner-registration' (F44A:47672:1F327BF:282D2AF:696F1797)
[2026-01-20 05:50:15Z INFO ConfigurationManager] cred retrieved via GitHub auth
[2026-01-20 05:50:15Z INFO RunnerServer] EstablishVssConnection
[2026-01-20 05:50:15Z INFO RunnerServer] Establish connection with 100 seconds timeout.
[2026-01-20 05:50:15Z INFO GitHubActionsService] Starting operation Location.GetConnectionData
[2026-01-20 05:50:15Z INFO RunnerServer] EstablishVssConnection
[2026-01-20 05:50:15Z INFO RunnerServer] Establish connection with 60 seconds timeout.
[2026-01-20 05:50:15Z INFO GitHubActionsService] Starting operation Location.GetConnectionData
[2026-01-20 05:50:15Z INFO RunnerServer] EstablishVssConnection
[2026-01-20 05:50:15Z INFO RunnerServer] Establish connection with 60 seconds timeout.
[2026-01-20 05:50:15Z INFO GitHubActionsService] Starting operation Location.GetConnectionData
[2026-01-20 05:50:16Z INFO GitHubActionsService] Finished operation Location.GetConnectionData
[2026-01-20 05:50:16Z INFO GitHubActionsService] Finished operation Location.GetConnectionData
[2026-01-20 05:50:16Z INFO GitHubActionsService] Finished operation Location.GetConnectionData
[2026-01-20 05:50:16Z INFO Terminal] WRITE LINE: 
[2026-01-20 05:50:16Z INFO ConfigurationStore] IsConfigured()
[2026-01-20 05:50:16Z INFO ConfigurationStore] IsConfigured: True
[2026-01-20 05:50:16Z INFO ConfigurationStore] HasCredentials()
[2026-01-20 05:50:16Z INFO ConfigurationStore] stored True
[2026-01-20 05:50:16Z INFO HostContext] Well known directory 'Bin': 'C:\github_action\actions-runner\bin'
[2026-01-20 05:50:16Z INFO HostContext] Well known directory 'Root': 'C:\github_action\actions-runner'
[2026-01-20 05:50:16Z INFO HostContext] Well known config file 'RSACredentials': 'C:\github_action\actions-runner\.credentials_rsaparams'
[2026-01-20 05:50:16Z INFO RSAEncryptedFileKeyManager] Deleting RSA key parameters file C:\github_action\actions-runner\.credentials_rsaparams
[2026-01-20 05:50:16Z INFO Terminal] WRITE LINE: 
[2026-01-20 05:50:16Z INFO Listener] Runner execution has finished with return code 0
