[2026-01-20 05:49:10Z INFO HostContext] No proxy settings were found based on environmental variables (http_proxy/https_proxy/HTTP_PROXY/HTTPS_PROXY)
[2026-01-20 05:49:10Z INFO HostContext] Well known directory 'Bin': 'C:\github_action\actions-runner\bin'
[2026-01-20 05:49:10Z INFO HostContext] Well known directory 'Root': 'C:\github_action\actions-runner'
[2026-01-20 05:49:10Z INFO HostContext] Well known config file 'Credentials': 'C:\github_action\actions-runner\.credentials'
[2026-01-20 05:49:10Z INFO HostContext] Well known directory 'Bin': 'C:\github_action\actions-runner\bin'
[2026-01-20 05:49:10Z INFO HostContext] Well known directory 'Root': 'C:\github_action\actions-runner'
[2026-01-20 05:49:10Z INFO HostContext] Well known config file 'Runner': 'C:\github_action\actions-runner\.runner'
[2026-01-20 05:49:10Z INFO Listener] Runner is built for Windows (X64) - win-x64.
[2026-01-20 05:49:10Z INFO Listener] RuntimeInformation: Microsoft Windows 10.0.26200.
[2026-01-20 05:49:10Z INFO Listener] Version: 2.331.0
[2026-01-20 05:49:10Z INFO Listener] Commit: 39f6c643d3032f8795fa71f1482731ca90c8e038
[2026-01-20 05:49:10Z INFO Listener] Culture: ja-JP
[2026-01-20 05:49:10Z INFO Listener] UI Culture: ja-JP
[2026-01-20 05:49:10Z INFO HostContext] Well known directory 'Bin': 'C:\github_action\actions-runner\bin'
[2026-01-20 05:49:10Z INFO HostContext] Well known directory 'Root': 'C:\github_action\actions-runner'
[2026-01-20 05:49:10Z INFO Listener] Validating directory permissions for: 'C:\github_action\actions-runner'
[2026-01-20 05:49:10Z INFO CommandLineParser] Parse
[2026-01-20 05:49:10Z INFO CommandLineParser] Parsing 3 args
[2026-01-20 05:49:10Z INFO CommandLineParser] parsing argument
[2026-01-20 05:49:10Z INFO CommandLineParser] HasArgs: False
[2026-01-20 05:49:10Z INFO CommandLineParser] Adding Command: remove
[2026-01-20 05:49:10Z INFO CommandLineParser] parsing argument
[2026-01-20 05:49:10Z INFO CommandLineParser] HasArgs: True
[2026-01-20 05:49:10Z INFO CommandLineParser] arg: token
[2026-01-20 05:49:10Z INFO CommandLineParser] parsing argument
[2026-01-20 05:49:10Z INFO CommandLineParser] HasArgs: True
[2026-01-20 05:49:10Z INFO CommandLineParser] Adding option 'token': '***'
[2026-01-20 05:49:10Z INFO Listener] Arguments parsed
[2026-01-20 05:49:10Z INFO Runner] ExecuteCommand
[2026-01-20 05:49:10Z INFO ConfigurationStore] currentAssemblyLocation: C:\github_action\actions-runner\bin\Runner.Listener.dll
[2026-01-20 05:49:10Z INFO HostContext] Well known directory 'Bin': 'C:\github_action\actions-runner\bin'
[2026-01-20 05:49:10Z INFO ConfigurationStore] binPath: C:\github_action\actions-runner\bin
[2026-01-20 05:49:10Z INFO HostContext] Well known directory 'Bin': 'C:\github_action\actions-runner\bin'
[2026-01-20 05:49:10Z INFO HostContext] Well known directory 'Root': 'C:\github_action\actions-runner'
[2026-01-20 05:49:10Z INFO ConfigurationStore] RootFolder: C:\github_action\actions-runner
[2026-01-20 05:49:10Z INFO HostContext] Well known directory 'Bin': 'C:\github_action\actions-runner\bin'
[2026-01-20 05:49:10Z INFO HostContext] Well known directory 'Root': 'C:\github_action\actions-runner'
[2026-01-20 05:49:10Z INFO HostContext] Well known config file 'Runner': 'C:\github_action\actions-runner\.runner'
[2026-01-20 05:49:10Z INFO ConfigurationStore] ConfigFilePath: C:\github_action\actions-runner\.runner
[2026-01-20 05:49:10Z INFO HostContext] Well known directory 'Bin': 'C:\github_action\actions-runner\bin'
[2026-01-20 05:49:10Z INFO HostContext] Well known directory 'Root': 'C:\github_action\actions-runner'
[2026-01-20 05:49:10Z INFO HostContext] Well known config file 'MigratedRunner': 'C:\github_action\actions-runner\.runner_migrated'
[2026-01-20 05:49:10Z INFO ConfigurationStore] MigratedConfigFilePath: C:\github_action\actions-runner\.runner_migrated
[2026-01-20 05:49:10Z INFO HostContext] Well known directory 'Bin': 'C:\github_action\actions-runner\bin'
[2026-01-20 05:49:10Z INFO HostContext] Well known directory 'Root': 'C:\github_action\actions-runner'
[2026-01-20 05:49:10Z INFO HostContext] Well known config file 'Credentials': 'C:\github_action\actions-runner\.credentials'
[2026-01-20 05:49:10Z INFO ConfigurationStore] CredFilePath: C:\github_action\actions-runner\.credentials
[2026-01-20 05:49:10Z INFO HostContext] Well known directory 'Bin': 'C:\github_action\actions-runner\bin'
[2026-01-20 05:49:10Z INFO HostContext] Well known directory 'Root': 'C:\github_action\actions-runner'
[2026-01-20 05:49:10Z INFO HostContext] Well known config file 'MigratedCredentials': 'C:\github_action\actions-runner\.credentials_migrated'
[2026-01-20 05:49:10Z INFO ConfigurationStore] MigratedCredFilePath: C:\github_action\actions-runner\.credentials_migrated
[2026-01-20 05:49:10Z INFO HostContext] Well known directory 'Bin': 'C:\github_action\actions-runner\bin'
[2026-01-20 05:49:10Z INFO HostContext] Well known directory 'Root': 'C:\github_action\actions-runner'
[2026-01-20 05:49:10Z INFO HostContext] Well known config file 'Service': 'C:\github_action\actions-runner\.service'
[2026-01-20 05:49:10Z INFO ConfigurationStore] ServiceConfigFilePath: C:\github_action\actions-runner\.service
[2026-01-20 05:49:10Z INFO CommandSettings] Flag 'help': 'False'
[2026-01-20 05:49:10Z INFO CommandSettings] Flag 'version': 'False'
[2026-01-20 05:49:10Z INFO CommandSettings] Flag 'commit': 'False'
[2026-01-20 05:49:10Z INFO CommandSettings] Flag 'check': 'False'
[2026-01-20 05:49:10Z INFO CommandSettings] Command 'configure': 'False'
[2026-01-20 05:49:10Z INFO CommandSettings] Command 'remove': 'True'
[2026-01-20 05:49:10Z INFO CommandSettings] Flag 'local': 'False'
[2026-01-20 05:49:10Z INFO ConfigurationStore] IsServiceConfigured()
[2026-01-20 05:49:10Z INFO ConfigurationStore] IsServiceConfigured: True
[2026-01-20 05:49:10Z INFO Terminal] WRITE LINE: Removing service
[2026-01-20 05:49:10Z INFO HostContext] Well known directory 'Bin': 'C:\github_action\actions-runner\bin'
[2026-01-20 05:49:10Z INFO HostContext] Well known directory 'Root': 'C:\github_action\actions-runner'
[2026-01-20 05:49:10Z INFO HostContext] Well known config file 'Service': 'C:\github_action\actions-runner\.service'
[2026-01-20 05:49:10Z INFO NativeWindowsServiceHelper] Successfully stopped the service
[2026-01-20 05:49:10Z INFO NativeWindowsServiceHelper] Trying to delete service actions.runner.Quitalig-Lance-test_action.GSI-N-5500
[2026-01-20 05:49:10Z INFO NativeWindowsServiceHelper] successfully removed the service
[2026-01-20 05:49:10Z INFO HostContext] Well known directory 'Bin': 'C:\github_action\actions-runner\bin'
[2026-01-20 05:49:10Z INFO HostContext] Well known directory 'Root': 'C:\github_action\actions-runner'
[2026-01-20 05:49:10Z INFO ConfigurationStore] Read setting file: 400 chars
[2026-01-20 05:49:10Z INFO HostContext] Well known directory 'Bin': 'C:\github_action\actions-runner\bin'
[2026-01-20 05:49:10Z INFO HostContext] Well known directory 'Root': 'C:\github_action\actions-runner'
[2026-01-20 05:49:10Z INFO HostContext] Well known directory 'Work': 'C:\github_action\actions-runner\_work'
[2026-01-20 05:49:10Z INFO HostContext] Well known directory 'Bin': 'C:\github_action\actions-runner\bin'
[2026-01-20 05:49:10Z INFO NativeWindowsServiceHelper] Calculated unique group name GITHUB_ActionsRunner_Gd84c8
[2026-01-20 05:49:10Z INFO NativeWindowsServiceHelper] Remove the group GITHUB_ActionsRunner_Gd84c8 for the folder C:\github_action\actions-runner.
[2026-01-20 05:49:11Z ERR  NativeWindowsServiceHelper] System.Security.Principal.IdentityNotMappedException: Some or all identity references could not be translated.
   at System.Security.Principal.NTAccount.Translate(IdentityReferenceCollection sourceAccounts, Type targetType, Boolean forceSuccess)
   at System.Security.Principal.NTAccount.Translate(Type targetType)
   at GitHub.Runner.Listener.Configuration.NativeWindowsServiceHelper.RemoveGroupFromFolderSecuritySetting(String folderPath, String groupName)
   at GitHub.Runner.Listener.Configuration.NativeWindowsServiceHelper.RevokeDirectoryPermissionForAccount(IList`1 folders)
[2026-01-20 05:49:11Z INFO NativeWindowsServiceHelper] Remove the group GITHUB_ActionsRunner_Gd84c8 for the folder C:\github_action\actions-runner\_work.
[2026-01-20 05:49:11Z ERR  NativeWindowsServiceHelper] System.Security.Principal.IdentityNotMappedException: Some or all identity references could not be translated.
   at System.Security.Principal.NTAccount.Translate(IdentityReferenceCollection sourceAccounts, Type targetType, Boolean forceSuccess)
   at System.Security.Principal.NTAccount.Translate(Type targetType)
   at GitHub.Runner.Listener.Configuration.NativeWindowsServiceHelper.RemoveGroupFromFolderSecuritySetting(String folderPath, String groupName)
   at GitHub.Runner.Listener.Configuration.NativeWindowsServiceHelper.RevokeDirectoryPermissionForAccount(IList`1 folders)
[2026-01-20 05:49:11Z INFO NativeWindowsServiceHelper] Delete the group GITHUB_ActionsRunner_Gd84c8.
[2026-01-20 05:49:11Z INFO NativeWindowsServiceHelper] Group GITHUB_ActionsRunner_Gd84c8 not exists.
[2026-01-20 05:49:11Z INFO Terminal] WRITE LINE: 
[2026-01-20 05:49:11Z INFO ConfigurationStore] IsConfigured()
[2026-01-20 05:49:11Z INFO ConfigurationStore] IsConfigured: True
[2026-01-20 05:49:11Z INFO ConfigurationStore] HasCredentials()
[2026-01-20 05:49:11Z INFO ConfigurationStore] stored True
[2026-01-20 05:49:11Z INFO CommandSettings] Arg 'token': '***'
[2026-01-20 05:49:11Z INFO CommandSettings] Remove token from Arg dictionary.
[2026-01-20 05:49:11Z ERR  Terminal] WRITE ERROR: Http response code: NotFound from 'POST https://api.github.com/actions/runner-registration' (Request Id: F448:326346:1EBC154:27B59E4:696F1757)
[2026-01-20 05:49:11Z ERR  Terminal] WRITE ERROR: {"message":"Not Found","documentation_url":"https://docs.github.com/rest","status":"404"}
[2026-01-20 05:49:11Z ERR  Terminal] WRITE ERROR: Failed: Removing runner from the server
[2026-01-20 05:49:11Z ERR  Runner] System.Net.Http.HttpRequestException: Response status code does not indicate success: 404 (Not Found).
   at System.Net.Http.HttpResponseMessage.EnsureSuccessStatusCode()
   at GitHub.Runner.Listener.Configuration.ConfigurationManager.GetTenantCredential(String githubUrl, String githubToken, String runnerEvent)
   at GitHub.Runner.Listener.Configuration.ConfigurationManager.UnconfigureAsync(CommandSettings command)
   at GitHub.Runner.Listener.Runner.ExecuteCommand(CommandSettings command)
[2026-01-20 05:49:11Z ERR  Terminal] WRITE ERROR: Response status code does not indicate success: 404 (Not Found).
[2026-01-20 05:49:11Z INFO Listener] Runner execution has finished with return code 1
